Flutter crash report; please file at https://github.com/flutter/flutter/issues.

## command

flutter packages get

## exception

FileSystemException: FileSystemException: Failed to decode data using encoding 'utf-8', path = '/Volumes/MacVolume/flutter_project/bgb01/pubspec.yaml'

```
#0      _File._tryDecode (dart:io/file_impl.dart:572:7)
#1      _File.readAsStringSync (dart:io/file_impl.dart:592:7)
#2      ForwardingFile.readAsStringSync (package:file/src/forwarding/forwarding_file.dart:103:16)
#3      FlutterManifest.createFromPath (package:flutter_tools/src/flutter_manifest.dart:31:43)
#4      FlutterProject._readManifest (package:flutter_tools/src/project.dart:181:34)
#5      FlutterProjectFactory.fromDirectory (package:flutter_tools/src/project.dart:34:53)
#6      FlutterProject.fromDirectory (package:flutter_tools/src/project.dart:64:78)
#7      FlutterProject.fromPath (package:flutter_tools/src/project.dart:72:50)
#8      PackagesGetCommand.usageValues (package:flutter_tools/src/commands/packages.dart:81:55)
<asynchronous suspension>
#9      FlutterCommand.verifyThenRunCommand (package:flutter_tools/src/runner/flutter_command.dart:484:21)
<asynchronous suspension>
#10     FlutterCommand.run.<anonymous closure> (package:flutter_tools/src/runner/flutter_command.dart:407:33)
<asynchronous suspension>
#11     AppContext.run.<anonymous closure> (package:flutter_tools/src/base/context.dart:154:29)
<asynchronous suspension>
#12     _rootRun (dart:async/zone.dart:1124:13)
#13     _CustomZone.run (dart:async/zone.dart:1021:19)
#14     _runZoned (dart:async/zone.dart:1516:10)
#15     runZoned (dart:async/zone.dart:1463:12)
#16     AppContext.run (package:flutter_tools/src/base/context.dart:153:18)
<asynchronous suspension>
#17     FlutterCommand.run (package:flutter_tools/src/runner/flutter_command.dart:397:20)
#18     CommandRunner.runCommand (package:args/command_runner.dart:197:27)
<asynchronous suspension>
#19     FlutterCommandRunner.runCommand.<anonymous closure> (package:flutter_tools/src/runner/flutter_command_runner.dart:402:21)
<asynchronous suspension>
#20     AppContext.run.<anonymous closure> (package:flutter_tools/src/base/context.dart:154:29)
<asynchronous suspension>
#21     _rootRun (dart:async/zone.dart:1124:13)
#22     _CustomZone.run (dart:async/zone.dart:1021:19)
#23     _runZoned (dart:async/zone.dart:1516:10)
#24     runZoned (dart:async/zone.dart:1463:12)
#25     AppContext.run (package:flutter_tools/src/base/context.dart:153:18)
<asynchronous suspension>
#26     FlutterCommandRunner.runCommand (package:flutter_tools/src/runner/flutter_command_runner.dart:356:19)
<asynchronous suspension>
#27     CommandRunner.run.<anonymous closure> (package:args/command_runner.dart:112:25)
#28     new Future.sync (dart:async/future.dart:224:31)
#29     CommandRunner.run (package:args/command_runner.dart:112:14)
#30     FlutterCommandRunner.run (package:flutter_tools/src/runner/flutter_command_runner.dart:242:18)
#31     run.<anonymous closure>.<anonymous closure> (package:flutter_tools/runner.dart:63:22)
<asynchronous suspension>
#32     _rootRun (dart:async/zone.dart:1124:13)
#33     _CustomZone.run (dart:async/zone.dart:1021:19)
#34     _runZoned (dart:async/zone.dart:1516:10)
#35     runZoned (dart:async/zone.dart:1500:12)
#36     run.<anonymous closure> (package:flutter_tools/runner.dart:61:18)
<asynchronous suspension>
#37     AppContext.run.<anonymous closure> (package:flutter_tools/src/base/context.dart:154:29)
<asynchronous suspension>
#38     _rootRun (dart:async/zone.dart:1124:13)
#39     _CustomZone.run (dart:async/zone.dart:1021:19)
#40     _runZoned (dart:async/zone.dart:1516:10)
#41     runZoned (dart:async/zone.dart:1463:12)
#42     AppContext.run (package:flutter_tools/src/base/context.dart:153:18)
<asynchronous suspension>
#43     runInContext (package:flutter_tools/src/context_runner.dart:58:24)
<asynchronous suspension>
#44     run (package:flutter_tools/runner.dart:50:10)
#45     main (package:flutter_tools/executable.dart:65:9)
<asynchronous suspension>
#46     main (file:///Volumes/MacVolume/flutter/packages/flutter_tools/bin/flutter_tools.dart:8:3)
#47     _startIsolate.<anonymous closure> (dart:isolate-patch/isolate_patch.dart:303:32)
#48     _RawReceivePortImpl._handleMessage (dart:isolate-patch/isolate_patch.dart:172:12)
```

## flutter doctor

```
[32m[✓][39m Flutter (Channel beta, v1.9.1+hotfix.2, on Mac OS X 10.14.6 18G95, locale zh-Hans-CN)
    [32m•[39m Flutter version 1.9.1+hotfix.2 at /Volumes/MacVolume/flutter
    [32m•[39m Framework revision 2d2a1ffec9 (7 days ago), 2019-09-06 18:39:49 -0700
    [32m•[39m Engine revision b863200c37
    [32m•[39m Dart version 2.5.0

[32m[✓][39m Android toolchain - develop for Android devices (Android SDK version 29.0.2)
    [32m•[39m Android SDK at /Users/lihongzephan/Library/Android/sdk
    [32m•[39m Android NDK location not configured (optional; useful for native profiling support)
    [32m•[39m Platform android-29, build-tools 29.0.2
    [32m•[39m Java binary at: /Applications/Android Studio.app/Contents/jre/jdk/Contents/Home/bin/java
    [32m•[39m Java version OpenJDK Runtime Environment (build 1.8.0_202-release-1483-b49-5587405)
    [32m•[39m All Android licenses accepted.

[32m[✓][39m Xcode - develop for iOS and macOS (Xcode 10.3)
    [32m•[39m Xcode at /Applications/Xcode.app/Contents/Developer
    [32m•[39m Xcode 10.3, Build version 10G8
    [32m•[39m CocoaPods version 1.7.5

[32m[✓][39m Android Studio (version 3.5)
    [32m•[39m Android Studio at /Applications/Android Studio.app/Contents
    [32m•[39m Flutter plugin version 38.2.3
    [32m•[39m Dart plugin version 191.8423
    [32m•[39m Java version OpenJDK Runtime Environment (build 1.8.0_202-release-1483-b49-5587405)

[32m[✓][39m VS Code (version 1.38.1)
    [32m•[39m VS Code at /Applications/Visual Studio Code.app/Contents
    [32m•[39m Flutter extension version 3.4.1

[32m[✓][39m Connected device (1 available)
    [32m•[39m Zoe6sPlus • 53cce95ad8fe0e14e329b1720325eaa8534727b4 • ios • iOS 12.2

[32m•[39m No issues found!
```
